#
# There is insufficient memory for the Java Runtime Environment to continue.
# Native memory allocation (malloc) failed to allocate 630480 bytes for Chunk::new
# Possible reasons:
#   The system is out of physical RAM or swap space
#   The process is running with CompressedOops enabled, and the Java Heap may be blocking the growth of the native heap
# Possible solutions:
#   Reduce memory load on the system
#   Increase physical memory or swap space
#   Check if swap backing store is full
#   Decrease Java heap size (-Xmx/-Xms)
#   Decrease number of Java threads
#   Decrease Java thread stack sizes (-Xss)
#   Set larger code cache with -XX:ReservedCodeCacheSize=
#   JVM is running with Unscaled Compressed Oops mode in which the Java heap is
#     placed in the first 4GB address space. The Java Heap base address is the
#     maximum limit for the native heap growth. Please use -XX:HeapBaseMinAddress
#     to set the Java Heap base and to place the Java Heap above 4GB virtual address.
# This output file may be truncated or incomplete.
#
#  Out of Memory Error (allocation.cpp:389), pid=3108, tid=0x00000000000011fc
#
# JRE version: OpenJDK Runtime Environment (8.0_242-b01) (build 1.8.0_242-release-1644-b01)
# Java VM: OpenJDK 64-Bit Server VM (25.242-b01 mixed mode windows-amd64 compressed oops)
# Failed to write core dump. Minidumps are not enabled by default on client versions of Windows
#

---------------  T H R E A D  ---------------

Current thread (0x000000001a195800):  JavaThread "C2 CompilerThread0" daemon [_thread_in_native, id=4604, stack(0x000000001aa80000,0x000000001ab80000)]

Stack: [0x000000001aa80000,0x000000001ab80000]
[error occurred during error reporting (printing stack bounds), id 0xc0000005]

Native frames: (J=compiled Java code, j=interpreted, Vv=VM code, C=native code)


Current CompileTask:
C2:  33049 11732       4       com.android.tools.r8.graph.l1::a (52 bytes)


---------------  P R O C E S S  ---------------

Java Threads: ( => current thread )
  0x000000001feab800 JavaThread "ForkJoinPool-1-worker-0" daemon [_thread_in_vm, id=13348, stack(0x000000002f050000,0x000000002f150000)]
  0x000000001feaa800 JavaThread "ForkJoinPool-1-worker-6" daemon [_thread_blocked, id=3888, stack(0x000000002ee50000,0x000000002ef50000)]
  0x000000001fead000 JavaThread "ForkJoinPool-1-worker-5" daemon [_thread_blocked, id=8272, stack(0x000000002ed50000,0x000000002ee50000)]
  0x000000001feaa000 JavaThread "ForkJoinPool-1-worker-4" daemon [_thread_blocked, id=1468, stack(0x000000002ec50000,0x000000002ed50000)]
  0x000000001fea1000 JavaThread "ForkJoinPool-1-worker-3" daemon [_thread_blocked, id=7156, stack(0x000000002eb50000,0x000000002ec50000)]
  0x000000001fea4800 JavaThread "ForkJoinPool-1-worker-2" daemon [_thread_blocked, id=16244, stack(0x000000002ea50000,0x000000002eb50000)]
  0x000000001fea7800 JavaThread "ForkJoinPool-1-worker-1" daemon [_thread_blocked, id=15260, stack(0x000000002e950000,0x000000002ea50000)]
  0x000000001fea3000 JavaThread "WorkerExecutor Queue Thread 6" [_thread_blocked, id=12952, stack(0x000000002ce00000,0x000000002cf00000)]
  0x000000001fea6000 JavaThread "WorkerExecutor Queue Thread 5" [_thread_blocked, id=7080, stack(0x000000002d800000,0x000000002d900000)]
  0x000000001fea5800 JavaThread "WorkerExecutor Queue Thread 4" [_thread_blocked, id=11844, stack(0x000000002d700000,0x000000002d800000)]
  0x000000001fea2800 JavaThread "WorkerExecutor Queue Thread 3" [_thread_blocked, id=9636, stack(0x000000002d600000,0x000000002d700000)]
  0x000000001fea9000 JavaThread "WorkerExecutor Queue Thread 2" [_thread_blocked, id=4832, stack(0x000000002d500000,0x000000002d600000)]
  0x000000001fea1800 JavaThread "WorkerExecutor Queue" [_thread_blocked, id=1020, stack(0x000000002d400000,0x000000002d500000)]
  0x000000001fea8800 JavaThread "ForkJoinPool.commonPool-worker-7" daemon [_thread_blocked, id=2344, stack(0x000000002d300000,0x000000002d400000)]
  0x000000001fea7000 JavaThread "ForkJoinPool.commonPool-worker-5" daemon [_thread_blocked, id=2720, stack(0x000000002d100000,0x000000002d200000)]
  0x000000001fe9e800 JavaThread "ForkJoinPool.commonPool-worker-4" daemon [_thread_blocked, id=15824, stack(0x000000002d000000,0x000000002d100000)]
  0x000000001fe9f800 JavaThread "ForkJoinPool.commonPool-worker-3" daemon [_thread_blocked, id=9700, stack(0x000000002cf00000,0x000000002d000000)]
  0x000000001fea4000 JavaThread "ForkJoinPool.commonPool-worker-1" daemon [_thread_blocked, id=11376, stack(0x000000002c6b0000,0x000000002c7b0000)]
  0x000000001c026800 JavaThread "Cache worker for Java compile cache (C:\Users\domen\Desktop\MyManager\MyManager\.gradle\6.5\javaCompile)" [_thread_blocked, id=11920, stack(0x000000002c5b0000,0x000000002c6b0000)]
  0x000000001c028000 JavaThread "Cache worker for Java compile cache (C:\Users\domen\.gradle\caches\6.5\javaCompile)" [_thread_blocked, id=8784, stack(0x000000002c4b0000,0x000000002c5b0000)]
  0x000000001c025800 JavaThread "Cache worker for execution history cache (C:\Users\domen\Desktop\MyManager\MyManager\.gradle\6.5\executionHistory)" [_thread_blocked, id=14268, stack(0x000000002beb0000,0x000000002bfb0000)]
  0x000000001c01c000 JavaThread "Execution worker for ':' Thread 7" [_thread_blocked, id=15320, stack(0x000000002bdb0000,0x000000002beb0000)]
  0x000000001c022800 JavaThread "Execution worker for ':' Thread 6" [_thread_blocked, id=10044, stack(0x000000002bcb0000,0x000000002bdb0000)]
  0x000000001c01b000 JavaThread "Execution worker for ':' Thread 5" [_thread_blocked, id=2476, stack(0x000000002bbb0000,0x000000002bcb0000)]
  0x000000001c022000 JavaThread "Execution worker for ':' Thread 4" [_thread_blocked, id=9896, stack(0x000000002bab0000,0x000000002bbb0000)]
  0x000000001c01c800 JavaThread "Execution worker for ':' Thread 3" [_thread_blocked, id=7400, stack(0x000000002b9b0000,0x000000002bab0000)]
  0x000000001c01f800 JavaThread "Execution worker for ':' Thread 2" [_thread_blocked, id=11716, stack(0x000000002b8b0000,0x000000002b9b0000)]
  0x000000001c01a800 JavaThread "Execution worker for ':'" [_thread_blocked, id=14440, stack(0x000000002b7b0000,0x000000002b8b0000)]
  0x000000001c01f000 JavaThread "Cache worker for file content cache (C:\Users\domen\Desktop\MyManager\MyManager\.gradle\6.5\fileContent)" [_thread_blocked, id=5580, stack(0x000000002b2b0000,0x000000002b3b0000)]
  0x000000001c020800 JavaThread "Memory manager" [_thread_blocked, id=5520, stack(0x0000000029d70000,0x0000000029e70000)]
  0x000000001c01e000 JavaThread "Cache worker for Build Output Cleanup Cache (C:\Users\domen\Desktop\MyManager\MyManager\.gradle\buildOutputCleanup)" [_thread_blocked, id=8500, stack(0x0000000029070000,0x0000000029170000)]
  0x000000001fc4a000 JavaThread "jar transforms Thread 92" [_thread_blocked, id=16180, stack(0x0000000028d70000,0x0000000028e70000)]
  0x000000001fc48800 JavaThread "jar transforms Thread 91" [_thread_blocked, id=14392, stack(0x0000000028c70000,0x0000000028d70000)]
  0x000000001fc47800 JavaThread "jar transforms Thread 90" [_thread_blocked, id=8940, stack(0x0000000028b70000,0x0000000028c70000)]
  0x000000001fc47000 JavaThread "jar transforms Thread 89" [_thread_blocked, id=14832, stack(0x0000000028a70000,0x0000000028b70000)]
  0x000000001fc45800 JavaThread "jar transforms Thread 88" [_thread_blocked, id=8444, stack(0x0000000028970000,0x0000000028a70000)]
  0x000000001fc4b000 JavaThread "jar transforms Thread 87" [_thread_blocked, id=14640, stack(0x0000000028870000,0x0000000028970000)]
  0x000000001fc49000 JavaThread "jar transforms Thread 86" [_thread_blocked, id=8892, stack(0x0000000028770000,0x0000000028870000)]
  0x000000001fc3f800 JavaThread "jar transforms Thread 85" [_thread_blocked, id=3408, stack(0x0000000028670000,0x0000000028770000)]
  0x000000001fc44800 JavaThread "jar transforms Thread 84" [_thread_blocked, id=3640, stack(0x0000000028570000,0x0000000028670000)]
  0x000000001fc43000 JavaThread "jar transforms Thread 83" [_thread_blocked, id=6216, stack(0x0000000028470000,0x0000000028570000)]
  0x000000001fc44000 JavaThread "jar transforms Thread 82" [_thread_blocked, id=9840, stack(0x0000000028370000,0x0000000028470000)]
  0x000000001fc46000 JavaThread "jar transforms Thread 81" [_thread_blocked, id=15692, stack(0x0000000028270000,0x0000000028370000)]
  0x000000001fc3e800 JavaThread "jar transforms Thread 80" [_thread_blocked, id=13548, stack(0x0000000028170000,0x0000000028270000)]
  0x000000001fc3d000 JavaThread "jar transforms Thread 79" [_thread_blocked, id=12012, stack(0x0000000028070000,0x0000000028170000)]
  0x000000001fc41800 JavaThread "jar transforms Thread 78" [_thread_blocked, id=14648, stack(0x0000000027f70000,0x0000000028070000)]
  0x000000001fc41000 JavaThread "jar transforms Thread 77" [_thread_blocked, id=7992, stack(0x0000000027e70000,0x0000000027f70000)]
  0x000000001fc42800 JavaThread "jar transforms Thread 76" [_thread_blocked, id=8128, stack(0x0000000027d70000,0x0000000027e70000)]
  0x000000001fc3b800 JavaThread "jar transforms Thread 75" [_thread_blocked, id=11588, stack(0x0000000027c70000,0x0000000027d70000)]
  0x000000001fc40000 JavaThread "jar transforms Thread 74" [_thread_blocked, id=9984, stack(0x0000000027b70000,0x0000000027c70000)]
  0x000000001fc3e000 JavaThread "jar transforms Thread 73" [_thread_blocked, id=1728, stack(0x0000000027a70000,0x0000000027b70000)]
  0x000000001fc3c800 JavaThread "jar transforms Thread 72" [_thread_blocked, id=8476, stack(0x0000000027970000,0x0000000027a70000)]
  0x000000001d49e000 JavaThread "jar transforms Thread 71" [_thread_blocked, id=9784, stack(0x0000000027870000,0x0000000027970000)]
  0x000000001d49c800 JavaThread "jar transforms Thread 70" [_thread_blocked, id=3644, stack(0x0000000027770000,0x0000000027870000)]
  0x000000001d4a2800 JavaThread "jar transforms Thread 69" [_thread_blocked, id=2404, stack(0x0000000027670000,0x0000000027770000)]
  0x000000001d49b000 JavaThread "jar transforms Thread 68" [_thread_blocked, id=11256, stack(0x0000000027570000,0x0000000027670000)]
  0x000000001d4a2000 JavaThread "jar transforms Thread 67" [_thread_blocked, id=10640, stack(0x0000000027470000,0x0000000027570000)]
  0x000000001d49d800 JavaThread "jar transforms Thread 66" [_thread_blocked, id=10088, stack(0x0000000027370000,0x0000000027470000)]
  0x000000001d4a0800 JavaThread "jar transforms Thread 65" [_thread_blocked, id=5876, stack(0x0000000027270000,0x0000000027370000)]
  0x000000001d4a1000 JavaThread "jar transforms Thread 64" [_thread_blocked, id=8132, stack(0x0000000027170000,0x0000000027270000)]
  0x000000001d49f800 JavaThread "jar transforms Thread 63" [_thread_blocked, id=14484, stack(0x0000000027070000,0x0000000027170000)]
  0x000000001d49c000 JavaThread "jar transforms Thread 62" [_thread_blocked, id=7008, stack(0x0000000026f70000,0x0000000027070000)]
  0x000000001d49f000 JavaThread "jar transforms Thread 61" [_thread_blocked, id=5648, stack(0x0000000026e70000,0x0000000026f70000)]
  0x000000001d493800 JavaThread "jar transforms Thread 60" [_thread_blocked, id=13292, stack(0x0000000026d70000,0x0000000026e70000)]
  0x000000001d494800 JavaThread "jar transforms Thread 59" [_thread_blocked, id=9224, stack(0x0000000026c70000,0x0000000026d70000)]
  0x000000001d497800 JavaThread "jar transforms Thread 58" [_thread_blocked, id=8584, stack(0x0000000026b70000,0x0000000026c70000)]
  0x000000001d496000 JavaThread "jar transforms Thread 57" [_thread_blocked, id=2648, stack(0x0000000026a70000,0x0000000026b70000)]
  0x000000001d496800 JavaThread "jar transforms Thread 56" [_thread_blocked, id=10196, stack(0x0000000026970000,0x0000000026a70000)]
  0x000000001d49a800 JavaThread "jar transforms Thread 55" [_thread_blocked, id=15408, stack(0x0000000026870000,0x0000000026970000)]
  0x000000001d499800 JavaThread "jar transforms Thread 54" [_thread_blocked, id=6996, stack(0x0000000026770000,0x0000000026870000)]
  0x000000001d498000 JavaThread "jar transforms Thread 53" [_thread_blocked, id=7972, stack(0x0000000026670000,0x0000000026770000)]
  0x000000001d499000 JavaThread "jar transforms Thread 52" [_thread_blocked, id=1584, stack(0x0000000026570000,0x0000000026670000)]
  0x000000001d495000 JavaThread "jar transforms Thread 51" [_thread_blocked, id=11752, stack(0x0000000026470000,0x0000000026570000)]
  0x000000001b205800 JavaThread "jar transforms Thread 50" [_thread_blocked, id=9508, stack(0x0000000026370000,0x0000000026470000)]
  0x000000001b204800 JavaThread "jar transforms Thread 49" [_thread_blocked, id=10128, stack(0x0000000026270000,0x0000000026370000)]
  0x000000001b202800 JavaThread "jar transforms Thread 48" [_thread_blocked, id=15980, stack(0x0000000026170000,0x0000000026270000)]
  0x000000001b201800 JavaThread "jar transforms Thread 47" [_thread_blocked, id=1000, stack(0x0000000026070000,0x0000000026170000)]
  0x000000001b1ff800 JavaThread "jar transforms Thread 46" [_thread_blocked, id=9568, stack(0x0000000025f70000,0x0000000026070000)]
  0x000000001b201000 JavaThread "jar transforms Thread 45" [_thread_blocked, id=10880, stack(0x0000000025e70000,0x0000000025f70000)]
  0x000000001b206000 JavaThread "jar transforms Thread 44" [_thread_blocked, id=972, stack(0x0000000025d70000,0x0000000025e70000)]
  0x000000001b200000 JavaThread "jar transforms Thread 43" [_thread_blocked, id=10356, stack(0x0000000025c70000,0x0000000025d70000)]
  0x000000001b204000 JavaThread "jar transforms Thread 42" [_thread_blocked, id=15444, stack(0x0000000025b70000,0x0000000025c70000)]
  0x000000001b203000 JavaThread "jar transforms Thread 41" [_thread_blocked, id=10888, stack(0x0000000025a70000,0x0000000025b70000)]
  0x000000001b1f8000 JavaThread "jar transforms Thread 40" [_thread_blocked, id=16272, stack(0x0000000025970000,0x0000000025a70000)]
  0x000000001b1fe800 JavaThread "jar transforms Thread 39" [_thread_blocked, id=4164, stack(0x0000000025870000,0x0000000025970000)]
  0x000000001b1f7000 JavaThread "jar transforms Thread 38" [_thread_blocked, id=16268, stack(0x0000000025770000,0x0000000025870000)]
  0x000000001b1fe000 JavaThread "jar transforms Thread 37" [_thread_blocked, id=8104, stack(0x0000000025670000,0x0000000025770000)]
  0x000000001b1fc800 JavaThread "jar transforms Thread 36" [_thread_blocked, id=11668, stack(0x0000000025570000,0x0000000025670000)]
  0x000000001b1f8800 JavaThread "jar transforms Thread 35" [_thread_blocked, id=4780, stack(0x0000000025470000,0x0000000025570000)]
  0x000000001b1fb800 JavaThread "jar transforms Thread 34" [_thread_blocked, id=5844, stack(0x0000000025370000,0x0000000025470000)]
  0x000000001b1fd000 JavaThread "jar transforms Thread 33" [_thread_blocked, id=5756, stack(0x0000000025270000,0x0000000025370000)]
  0x000000001b1fb000 JavaThread "jar transforms Thread 32" [_thread_blocked, id=13496, stack(0x0000000025170000,0x0000000025270000)]
  0x000000001b1f9800 JavaThread "jar transforms Thread 31" [_thread_blocked, id=8352, stack(0x0000000025070000,0x0000000025170000)]
  0x000000001b1fa000 JavaThread "jar transforms Thread 30" [_thread_blocked, id=13472, stack(0x0000000024f70000,0x0000000025070000)]
  0x000000001d680800 JavaThread "jar transforms Thread 29" [_thread_blocked, id=12180, stack(0x0000000024e70000,0x0000000024f70000)]
  0x000000001d67f000 JavaThread "jar transforms Thread 28" [_thread_blocked, id=14408, stack(0x0000000024d70000,0x0000000024e70000)]
  0x000000001d67e800 JavaThread "jar transforms Thread 27" [_thread_blocked, id=6264, stack(0x0000000024c70000,0x0000000024d70000)]
  0x000000001d680000 JavaThread "jar transforms Thread 26" [_thread_blocked, id=4044, stack(0x0000000024b70000,0x0000000024c70000)]
  0x000000001d67d800 JavaThread "jar transforms Thread 25" [_thread_blocked, id=5712, stack(0x0000000024a70000,0x0000000024b70000)]
  0x000000001d67d000 JavaThread "jar transforms Thread 24" [_thread_blocked, id=2248, stack(0x0000000024970000,0x0000000024a70000)]
  0x000000001d681800 JavaThread "jar transforms Thread 23" [_thread_blocked, id=1984, stack(0x0000000024870000,0x0000000024970000)]
  0x000000001d67c000 JavaThread "jar transforms Thread 22" [_thread_blocked, id=5284, stack(0x0000000024770000,0x0000000024870000)]
  0x000000001d674800 JavaThread "jar transforms Thread 21" [_thread_blocked, id=6448, stack(0x0000000024670000,0x0000000024770000)]
  0x000000001d67b800 JavaThread "jar transforms Thread 20" [_thread_blocked, id=15828, stack(0x0000000024570000,0x0000000024670000)]
  0x000000001d67a800 JavaThread "jar transforms Thread 19" [_thread_blocked, id=14012, stack(0x0000000024470000,0x0000000024570000)]
  0x000000001d673000 JavaThread "jar transforms Thread 18" [_thread_blocked, id=1416, stack(0x0000000024370000,0x0000000024470000)]
  0x000000001d679800 JavaThread "jar transforms Thread 17" [_thread_blocked, id=15940, stack(0x0000000024270000,0x0000000024370000)]
  0x000000001d675000 JavaThread "jar transforms Thread 16" [_thread_blocked, id=4020, stack(0x0000000024170000,0x0000000024270000)]
  0x000000001d672000 JavaThread "jar transforms Thread 15" [_thread_blocked, id=13088, stack(0x0000000024070000,0x0000000024170000)]
  0x000000001d677800 JavaThread "jar transforms Thread 14" [_thread_blocked, id=13264, stack(0x0000000023f70000,0x0000000024070000)]
  0x000000001d676000 JavaThread "jar transforms Thread 13" [_thread_blocked, id=6508, stack(0x0000000023e70000,0x0000000023f70000)]
  0x000000001d678000 JavaThread "jar transforms Thread 12" [_thread_blocked, id=8672, stack(0x0000000023d70000,0x0000000023e70000)]
  0x000000001d676800 JavaThread "jar transforms Thread 11" [_thread_blocked, id=15156, stack(0x0000000023c70000,0x0000000023d70000)]
  0x000000001d679000 JavaThread "jar transforms Thread 10" [_thread_blocked, id=8976, stack(0x0000000023b70000,0x0000000023c70000)]
  0x000000001d673800 JavaThread "jar transforms Thread 9" [_thread_blocked, id=15928, stack(0x0000000023a70000,0x0000000023b70000)]
  0x000000001bbbb800 JavaThread "jar transforms Thread 8" [_thread_blocked, id=4656, stack(0x0000000023970000,0x0000000023a70000)]
  0x000000001bbbc800 JavaThread "jar transforms Thread 7" [_thread_blocked, id=11192, stack(0x0000000023870000,0x0000000023970000)]
  0x000000001bbba000 JavaThread "jar transforms Thread 6" [_thread_blocked, id=15480, stack(0x0000000023770000,0x0000000023870000)]
  0x000000001bbb8000 JavaThread "jar transforms Thread 5" [_thread_blocked, id=5760, stack(0x0000000023670000,0x0000000023770000)]
  0x000000001bbbb000 JavaThread "jar transforms Thread 4" [_thread_blocked, id=10016, stack(0x0000000023570000,0x0000000023670000)]
  0x000000001bbb9800 JavaThread "jar transforms Thread 3" [_thread_blocked, id=13184, stack(0x0000000023470000,0x0000000023570000)]
  0x000000001bbb8800 JavaThread "jar transforms Thread 2" [_thread_blocked, id=8916, stack(0x0000000023370000,0x0000000023470000)]
  0x000000001bbb0000 JavaThread "Build operations Thread 8" [_thread_blocked, id=6164, stack(0x0000000023170000,0x0000000023270000)]
  0x000000001bbb7000 JavaThread "Build operations Thread 7" [_thread_blocked, id=10952, stack(0x0000000023070000,0x0000000023170000)]
  0x000000001bbaf800 JavaThread "Build operations Thread 6" [_thread_blocked, id=5512, stack(0x0000000022f70000,0x0000000023070000)]
  0x000000001bbb6800 JavaThread "Build operations Thread 5" [_thread_blocked, id=8832, stack(0x0000000022e70000,0x0000000022f70000)]
  0x000000001bbae800 JavaThread "Build operations Thread 4" [_thread_blocked, id=9072, stack(0x0000000022d70000,0x0000000022e70000)]
  0x000000001bbb5800 JavaThread "Build operations Thread 3" [_thread_blocked, id=4296, stack(0x0000000022c70000,0x0000000022d70000)]
  0x000000001bbae000 JavaThread "Build operations Thread 2" [_thread_blocked, id=7852, stack(0x0000000022b70000,0x0000000022c70000)]
  0x000000001bbb5000 JavaThread "Build operations" [_thread_blocked, id=15672, stack(0x0000000022a70000,0x0000000022b70000)]
  0x000000001bbb1000 JavaThread "Cache worker for file content cache (C:\Users\domen\.gradle\caches\6.5\fileContent)" [_thread_blocked, id=13524, stack(0x00000000213a0000,0x00000000214a0000)]
  0x000000001a1a0800 JavaThread "jar transforms" [_thread_blocked, id=13288, stack(0x00000000212a0000,0x00000000213a0000)]
  0x000000001a19b000 JavaThread "Cache worker for execution history cache (C:\Users\domen\.gradle\caches\6.5\executionHistory)" [_thread_blocked, id=2964, stack(0x0000000020ba0000,0x0000000020ca0000)]
  0x000000001a1a2000 JavaThread "Cache worker for cache directory md-rule (C:\Users\domen\.gradle\caches\6.5\md-rule)" [_thread_blocked, id=15580, stack(0x0000000020aa0000,0x0000000020ba0000)]
  0x000000001a19d000 JavaThread "Cache worker for cache directory md-supplier (C:\Users\domen\.gradle\caches\6.5\md-supplier)" [_thread_blocked, id=3236, stack(0x00000000209a0000,0x0000000020aa0000)]
  0x000000001a1a0000 JavaThread "Cache worker for checksums cache (C:\Users\domen\Desktop\MyManager\MyManager\.gradle\checksums)" [_thread_blocked, id=13484, stack(0x00000000208a0000,0x00000000209a0000)]
  0x000000001a19f000 JavaThread "Cache worker for file hash cache (C:\Users\domen\Desktop\MyManager\MyManager\.gradle\6.5\fileHashes)" [_thread_blocked, id=14112, stack(0x00000000205a0000,0x00000000206a0000)]
  0x000000001a19c000 JavaThread "Cache worker for file hash cache (C:\Users\domen\.gradle\caches\6.5\fileHashes)" [_thread_blocked, id=11892, stack(0x000000001f0d0000,0x000000001f1d0000)]
  0x000000001a1a1800 JavaThread "File lock request listener" [_thread_in_native, id=7404, stack(0x000000001efd0000,0x000000001f0d0000)]
  0x000000001cb26800 JavaThread "Cache worker for journal cache (C:\Users\domen\.gradle\caches\journal-1)" [_thread_blocked, id=5532, stack(0x000000001eed0000,0x000000001efd0000)]
  0x000000001ca7d000 JavaThread "Thread-9" [_thread_blocked, id=12980, stack(0x000000001ebd0000,0x000000001ecd0000)]
  0x000000001ca7c000 JavaThread "Stdin handler" [_thread_blocked, id=6420, stack(0x000000001ead0000,0x000000001ebd0000)]
  0x000000001ca7b800 JavaThread "Asynchronous log dispatcher for DefaultDaemonConnection: socket connection from /127.0.0.1:64220 to /127.0.0.1:64222" [_thread_blocked, id=1848, stack(0x000000001e9d0000,0x000000001ead0000)]
  0x000000001ca41800 JavaThread "Daemon worker" [_thread_blocked, id=1520, stack(0x000000001e8d0000,0x000000001e9d0000)]
  0x000000001ca41000 JavaThread "Cancel handler" [_thread_blocked, id=3524, stack(0x000000001e7d0000,0x000000001e8d0000)]
  0x000000001c991800 JavaThread "Handler for socket connection from /127.0.0.1:64220 to /127.0.0.1:64222" [_thread_in_native, id=5332, stack(0x000000001e6d0000,0x000000001e7d0000)]
  0x000000001c98c800 JavaThread "Daemon" [_thread_blocked, id=10840, stack(0x000000001e5d0000,0x000000001e6d0000)]
  0x000000001ca08000 JavaThread "Daemon periodic checks" [_thread_blocked, id=10824, stack(0x000000001e2d0000,0x000000001e3d0000)]
  0x000000001c969000 JavaThread "Incoming local TCP Connector on port 64220" [_thread_in_native, id=12044, stack(0x000000001e060000,0x000000001e160000)]
  0x000000001c8c1800 JavaThread "Daemon health stats" [_thread_blocked, id=11440, stack(0x000000001da20000,0x000000001db20000)]
  0x000000001a226000 JavaThread "Service Thread" daemon [_thread_blocked, id=6520, stack(0x000000001ae80000,0x000000001af80000)]
  0x000000001a19e800 JavaThread "C1 CompilerThread3" daemon [_thread_blocked, id=8524, stack(0x000000001ad80000,0x000000001ae80000)]
  0x000000001a19d800 JavaThread "C2 CompilerThread2" daemon [_thread_in_vm, id=15624, stack(0x000000001ac80000,0x000000001ad80000)]
  0x000000001a197800 JavaThread "C2 CompilerThread1" daemon [_thread_in_native, id=14276, stack(0x000000001ab80000,0x000000001ac80000)]
=>0x000000001a195800 JavaThread "C2 CompilerThread0" daemon [_thread_in_native, id=4604, stack(0x000000001aa80000,0x000000001ab80000)]
  0x000000001a194000 JavaThread "Attach Listener" daemon [_thread_blocked, id=9336, stack(0x000000001a980000,0x000000001aa80000)]
  0x000000001a193000 JavaThread "Signal Dispatcher" daemon [_thread_blocked, id=6476, stack(0x000000001a880000,0x000000001a980000)]
  0x000000001a180800 JavaThread "Finalizer" daemon [_thread_blocked, id=12964, stack(0x000000001a660000,0x000000001a760000)]
  0x0000000003308000 JavaThread "Reference Handler" daemon [_thread_blocked, id=10024, stack(0x000000001a560000,0x000000001a660000)]
  0x000000000320e000 JavaThread "main" [_thread_blocked, id=8648, stack(0x00000000030b0000,0x00000000031b0000)]

Other Threads:
  0x0000000018376000 VMThread [stack: 0x000000001a060000,0x000000001a160000] [id=11648]
  0x000000001a227000 WatcherThread [stack: 0x000000001af80000,0x000000001b080000] [id=13216]

VM state:not at safepoint (normal execution)

VM Mutex/Monitor currently owned by a thread: None

heap address: 0x0000000080000000, size: 2048 MB, Compressed Oops mode: 32-bit
Narrow klass base: 0x0000000000000000, Narrow klass shift: 3
Compressed class space size: 1073741824 Address: 0x0000000100000000

Heap:
 PSYoungGen      total 307200K, used 59845K [0x00000000d5580000, 0x00000000f1a00000, 0x0000000100000000)
  eden space 268288K, 16% used [0x00000000d5580000,0x00000000d80fab20,0x00000000e5b80000)
  from space 38912K, 39% used [0x00000000e5b80000,0x00000000e6a76c38,0x00000000e8180000)
  to   space 66048K, 0% used [0x00000000ed980000,0x00000000ed980000,0x00000000f1a00000)
 ParOldGen       total 252928K, used 128683K [0x0000000080000000, 0x000000008f700000, 0x00000000d5580000)
  object space 252928K, 50% used [0x0000000080000000,0x0000000087daad08,0x000000008f700000)
 Metaspace       used 80483K, capacity 84640K, committed 85528K, reserved 1122304K
  class space    used 11107K, capacity 11876K, committed 12072K, reserved 1048576K

Card table byte_map: [0x00000000126d0000,0x0000000012ae0000] byte_map_base: 0x00000000122d0000

Marking Bits: (ParMarkBitMap*) 0x00000000527ff030
 Begin Bits: [0x0000000013590000, 0x0000000015590000)
 End Bits:   [0x0000000015590000, 0x0000000017590000)

Polling page: 0x0000000001350000

CodeCache: size=245760Kb used=33126Kb max_used=33341Kb free=212633Kb
 bounds [0x0000000003310000, 0x00000000053d0000, 0x0000000012310000]
 total_blobs=10833 nmethods=10000 adapters=746
 compilation: enabled

Compilation events (10 events):
Event: 32.931 Thread 0x000000001a19e800 nmethod 11763 0x000000000364a250 code [0x000000000364a3c0, 0x000000000364a718]
Event: 32.958 Thread 0x000000001a19d800 nmethod 11761 0x00000000053c46d0 code [0x00000000053c4d20, 0x00000000053c5dc8]
Event: 32.980 Thread 0x000000001a19d800 11766       4       com.android.tools.r8.t.a.a.a.h.V0$f::l (60 bytes)
Event: 32.981 Thread 0x000000001a19d800 nmethod 11766 0x00000000036480d0 code [0x0000000003648220, 0x0000000003648318]
Event: 33.006 Thread 0x000000001a19d800 11768       4       com.android.tools.r8.t.a.a.a.h.V0$f::hasNext (14 bytes)
Event: 33.007 Thread 0x000000001a19d800 nmethod 11768 0x0000000005299890 code [0x00000000052999c0, 0x0000000005299a38]
Event: 33.019 Thread 0x000000001a19d800 11765       4       com.android.tools.r8.t.a.a.a.h.V0$b::next (13 bytes)
Event: 33.021 Thread 0x000000001a19d800 nmethod 11765 0x00000000034ee0d0 code [0x00000000034ee220, 0x00000000034ee378]
Event: 33.032 Thread 0x000000001a19d800 11767       4       com.android.tools.r8.dex.t::a (30 bytes)
Event: 33.043 Thread 0x000000001a19d800 nmethod 11767 0x0000000003e36350 code [0x0000000003e36520, 0x0000000003e36c30]

GC Heap History (10 events):
Event: 18.154 GC heap before
{Heap before GC invocations=17 (full 3):
 PSYoungGen      total 187392K, used 170496K [0x00000000d5580000, 0x00000000e5980000, 0x0000000100000000)
  eden space 170496K, 100% used [0x00000000d5580000,0x00000000dfc00000,0x00000000dfc00000)
  from space 16896K, 0% used [0x00000000dfc00000,0x00000000dfc00000,0x00000000e0c80000)
  to   space 15872K, 0% used [0x00000000e4a00000,0x00000000e4a00000,0x00000000e5980000)
 ParOldGen       total 108032K, used 33637K [0x0000000080000000, 0x0000000086980000, 0x00000000d5580000)
  object space 108032K, 31% used [0x0000000080000000,0x00000000820d96f0,0x0000000086980000)
 Metaspace       used 63666K, capacity 66806K, committed 66968K, reserved 1107968K
  class space    used 8782K, capacity 9372K, committed 9384K, reserved 1048576K
Event: 18.179 GC heap after
Heap after GC invocations=17 (full 3):
 PSYoungGen      total 231424K, used 15251K [0x00000000d5580000, 0x00000000e5900000, 0x0000000100000000)
  eden space 216064K, 0% used [0x00000000d5580000,0x00000000d5580000,0x00000000e2880000)
  from space 15360K, 99% used [0x00000000e4a00000,0x00000000e58e4e28,0x00000000e5900000)
  to   space 17920K, 0% used [0x00000000e3600000,0x00000000e3600000,0x00000000e4780000)
 ParOldGen       total 108032K, used 33645K [0x0000000080000000, 0x0000000086980000, 0x00000000d5580000)
  object space 108032K, 31% used [0x0000000080000000,0x00000000820db6f0,0x0000000086980000)
 Metaspace       used 63666K, capacity 66806K, committed 66968K, reserved 1107968K
  class space    used 8782K, capacity 9372K, committed 9384K, reserved 1048576K
}
Event: 21.866 GC heap before
{Heap before GC invocations=18 (full 3):
 PSYoungGen      total 231424K, used 231315K [0x00000000d5580000, 0x00000000e5900000, 0x0000000100000000)
  eden space 216064K, 100% used [0x00000000d5580000,0x00000000e2880000,0x00000000e2880000)
  from space 15360K, 99% used [0x00000000e4a00000,0x00000000e58e4e28,0x00000000e5900000)
  to   space 17920K, 0% used [0x00000000e3600000,0x00000000e3600000,0x00000000e4780000)
 ParOldGen       total 108032K, used 33645K [0x0000000080000000, 0x0000000086980000, 0x00000000d5580000)
  object space 108032K, 31% used [0x0000000080000000,0x00000000820db6f0,0x0000000086980000)
 Metaspace       used 70958K, capacity 74446K, committed 74648K, reserved 1114112K
  class space    used 9663K, capacity 10355K, committed 10408K, reserved 1048576K
Event: 22.059 GC heap after
Heap after GC invocations=18 (full 3):
 PSYoungGen      total 247808K, used 17898K [0x00000000d5580000, 0x00000000e9b00000, 0x0000000100000000)
  eden space 229888K, 0% used [0x00000000d5580000,0x00000000d5580000,0x00000000e3600000)
  from space 17920K, 99% used [0x00000000e3600000,0x00000000e477aa30,0x00000000e4780000)
  to   space 26112K, 0% used [0x00000000e8180000,0x00000000e8180000,0x00000000e9b00000)
 ParOldGen       total 108032K, used 48853K [0x0000000080000000, 0x0000000086980000, 0x00000000d5580000)
  object space 108032K, 45% used [0x0000000080000000,0x0000000082fb5600,0x0000000086980000)
 Metaspace       used 70958K, capacity 74446K, committed 74648K, reserved 1114112K
  class space    used 9663K, capacity 10355K, committed 10408K, reserved 1048576K
}
Event: 23.833 GC heap before
{Heap before GC invocations=19 (full 3):
 PSYoungGen      total 247808K, used 247786K [0x00000000d5580000, 0x00000000e9b00000, 0x0000000100000000)
  eden space 229888K, 100% used [0x00000000d5580000,0x00000000e3600000,0x00000000e3600000)
  from space 17920K, 99% used [0x00000000e3600000,0x00000000e477aa30,0x00000000e4780000)
  to   space 26112K, 0% used [0x00000000e8180000,0x00000000e8180000,0x00000000e9b00000)
 ParOldGen       total 108032K, used 48853K [0x0000000080000000, 0x0000000086980000, 0x00000000d5580000)
  object space 108032K, 45% used [0x0000000080000000,0x0000000082fb5600,0x0000000086980000)
 Metaspace       used 77864K, capacity 81988K, committed 82328K, reserved 1120256K
  class space    used 10764K, capacity 11576K, committed 11688K, reserved 1048576K
Event: 23.979 GC heap after
Heap after GC invocations=19 (full 3):
 PSYoungGen      total 294400K, used 26087K [0x00000000d5580000, 0x00000000ed000000, 0x0000000100000000)
  eden space 268288K, 0% used [0x00000000d5580000,0x00000000d5580000,0x00000000e5b80000)
  from space 26112K, 99% used [0x00000000e8180000,0x00000000e9af9e98,0x00000000e9b00000)
  to   space 38912K, 0% used [0x00000000e5b80000,0x00000000e5b80000,0x00000000e8180000)
 ParOldGen       total 108032K, used 73099K [0x0000000080000000, 0x0000000086980000, 0x00000000d5580000)
  object space 108032K, 67% used [0x0000000080000000,0x0000000084762fd0,0x0000000086980000)
 Metaspace       used 77864K, capacity 81988K, committed 82328K, reserved 1120256K
  class space    used 10764K, capacity 11576K, committed 11688K, reserved 1048576K
}
Event: 27.997 GC heap before
{Heap before GC invocations=20 (full 3):
 PSYoungGen      total 294400K, used 294375K [0x00000000d5580000, 0x00000000ed000000, 0x0000000100000000)
  eden space 268288K, 100% used [0x00000000d5580000,0x00000000e5b80000,0x00000000e5b80000)
  from space 26112K, 99% used [0x00000000e8180000,0x00000000e9af9e98,0x00000000e9b00000)
  to   space 38912K, 0% used [0x00000000e5b80000,0x00000000e5b80000,0x00000000e8180000)
 ParOldGen       total 108032K, used 73099K [0x0000000080000000, 0x0000000086980000, 0x00000000d5580000)
  object space 108032K, 67% used [0x0000000080000000,0x0000000084762fd0,0x0000000086980000)
 Metaspace       used 80736K, capacity 85388K, committed 85528K, reserved 1122304K
  class space    used 11205K, capacity 12050K, committed 12072K, reserved 1048576K
Event: 28.197 GC heap after
Heap after GC invocations=20 (full 3):
 PSYoungGen      total 307200K, used 38895K [0x00000000d5580000, 0x00000000f1a00000, 0x0000000100000000)
  eden space 268288K, 0% used [0x00000000d5580000,0x00000000d5580000,0x00000000e5b80000)
  from space 38912K, 99% used [0x00000000e5b80000,0x00000000e817bf70,0x00000000e8180000)
  to   space 66048K, 0% used [0x00000000ed980000,0x00000000ed980000,0x00000000f1a00000)
 ParOldGen       total 129024K, used 128831K [0x0000000080000000, 0x0000000087e00000, 0x00000000d5580000)
  object space 129024K, 99% used [0x0000000080000000,0x0000000087dcfc08,0x0000000087e00000)
 Metaspace       used 80736K, capacity 85388K, committed 85528K, reserved 1122304K
  class space    used 11205K, capacity 12050K, committed 12072K, reserved 1048576K
}
Event: 28.198 GC heap before
{Heap before GC invocations=21 (full 4):
 PSYoungGen      total 307200K, used 38895K [0x00000000d5580000, 0x00000000f1a00000, 0x0000000100000000)
  eden space 268288K, 0% used [0x00000000d5580000,0x00000000d5580000,0x00000000e5b80000)
  from space 38912K, 99% used [0x00000000e5b80000,0x00000000e817bf70,0x00000000e8180000)
  to   space 66048K, 0% used [0x00000000ed980000,0x00000000ed980000,0x00000000f1a00000)
 ParOldGen       total 129024K, used 128831K [0x0000000080000000, 0x0000000087e00000, 0x00000000d5580000)
  object space 129024K, 99% used [0x0000000080000000,0x0000000087dcfc08,0x0000000087e00000)
 Metaspace       used 80736K, capacity 85388K, committed 85528K, reserved 1122304K
  class space    used 11205K, capacity 12050K, committed 12072K, reserved 1048576K
Event: 30.008 GC heap after
Heap after GC invocations=21 (full 4):
 PSYoungGen      total 307200K, used 15323K [0x00000000d5580000, 0x00000000f1a00000, 0x0000000100000000)
  eden space 268288K, 0% used [0x00000000d5580000,0x00000000d5580000,0x00000000e5b80000)
  from space 38912K, 39% used [0x00000000e5b80000,0x00000000e6a76c38,0x00000000e8180000)
  to   space 66048K, 0% used [0x00000000ed980000,0x00000000ed980000,0x00000000f1a00000)
 ParOldGen       total 252928K, used 128683K [0x0000000080000000, 0x000000008f700000, 0x00000000d5580000)
  object space 252928K, 50% used [0x0000000080000000,0x0000000087daad08,0x000000008f700000)
 Metaspace       used 80437K, capacity 84562K, committed 85528K, reserved 1122304K
  class space    used 11106K, capacity 11875K, committed 12072K, reserved 1048576K
}

Deoptimization events (10 events):
Event: 32.391 Thread 0x000000001feab800 Uncommon trap: reason=class_check action=maybe_recompile pc=0x00000000052ea318 method=com.android.tools.r8.graph.x.collectMixedSectionItems(Lcom/android/tools/r8/dex/F;)V @ 4
Event: 32.391 Thread 0x000000001feab800 Uncommon trap: reason=class_check action=maybe_recompile pc=0x00000000052ea318 method=com.android.tools.r8.graph.x.collectMixedSectionItems(Lcom/android/tools/r8/dex/F;)V @ 4
Event: 32.537 Thread 0x000000001feab800 Uncommon trap: reason=unstable_if action=reinterpret pc=0x0000000003ec1ee8 method=java.util.Arrays.equals([Ljava/lang/Object;[Ljava/lang/Object;)Z @ 47
Event: 32.537 Thread 0x000000001feab800 Uncommon trap: reason=null_check action=make_not_entrant pc=0x0000000004f27184 method=com.android.tools.r8.graph.i0.computeEquals(Ljava/lang/Object;)Z @ 1
Event: 32.879 Thread 0x000000001feab800 Uncommon trap: reason=unstable_if action=reinterpret pc=0x000000000537b974 method=com.android.tools.r8.t.a.a.a.h.N.a(Ljava/lang/Object;I)I @ 132
Event: 32.885 Thread 0x000000001feab800 Uncommon trap: reason=class_check action=maybe_recompile pc=0x0000000005386754 method=com.android.tools.r8.graph.l0$l.equals(Ljava/lang/Object;)Z @ 8
Event: 32.885 Thread 0x000000001feab800 Uncommon trap: reason=class_check action=maybe_recompile pc=0x0000000005386754 method=com.android.tools.r8.graph.l0$l.equals(Ljava/lang/Object;)Z @ 8
Event: 32.885 Thread 0x000000001feab800 Uncommon trap: reason=class_check action=maybe_recompile pc=0x0000000005386754 method=com.android.tools.r8.graph.l0$l.equals(Ljava/lang/Object;)Z @ 8
Event: 32.886 Thread 0x000000001feab800 Uncommon trap: reason=unstable_if action=reinterpret pc=0x0000000005391c94 method=com.android.tools.r8.graph.l0$w.equals(Ljava/lang/Object;)Z @ 11
Event: 32.887 Thread 0x000000001feab800 Uncommon trap: reason=class_check action=maybe_recompile pc=0x0000000005386754 method=com.android.tools.r8.graph.l0$l.equals(Ljava/lang/Object;)Z @ 8

Classes redefined (0 events):
No events

Internal exceptions (10 events):
Event: 24.981 Thread 0x000000001c022000 Exception <a 'java/lang/NoSuchMethodError': <clinit>> (0x00000000d88f02b8) thrown at [C:\src\AOSP-openjdk-git\hotspot\src\share\vm\prims\jni.cpp, line 1615]
Event: 24.982 Thread 0x000000001c022000 Exception <a 'java/lang/NoSuchMethodError': <clinit>> (0x00000000d8903970) thrown at [C:\src\AOSP-openjdk-git\hotspot\src\share\vm\prims\jni.cpp, line 1615]
Event: 25.283 Thread 0x000000001fea6000 Exception <a 'sun/nio/fs/WindowsException'> (0x00000000d9db7bd8) thrown at [C:\src\AOSP-openjdk-git\hotspot\src\share\vm\prims\jni.cpp, line 710]
Event: 25.787 Thread 0x000000001feaa000 Implicit null exception at 0x0000000003c34c6f to 0x0000000003c34d6d
Event: 25.787 Thread 0x000000001feab800 Implicit null exception at 0x0000000003c34c6f to 0x0000000003c34d6d
Event: 25.787 Thread 0x000000001feaa800 Implicit null exception at 0x0000000003c34c6f to 0x0000000003c34d6d
Event: 25.787 Thread 0x000000001fea7800 Implicit null exception at 0x0000000003c34c6f to 0x0000000003c34d6d
Event: 25.787 Thread 0x000000001fea1000 Implicit null exception at 0x0000000003c34c6f to 0x0000000003c34d6d
Event: 25.891 Thread 0x000000001fea1000 Implicit null exception at 0x000000000505f960 to 0x00000000050602dd
Event: 32.537 Thread 0x000000001feab800 Implicit null exception at 0x0000000004f2700f to 0x0000000004f27179

Events (10 events):
Event: 33.023 Thread 0x000000001a19d800 flushing nmethod 0x0000000003e360d0
Event: 33.023 Thread 0x000000001a19d800 flushing nmethod 0x0000000003e36610
Event: 33.023 Thread 0x000000001a19d800 flushing nmethod 0x0000000003e3e090
Event: 33.026 Thread 0x000000001a19d800 flushing nmethod 0x0000000003e54110
Event: 33.026 Thread 0x000000001a19d800 flushing nmethod 0x0000000003e63a10
Event: 33.027 Thread 0x000000001a19d800 flushing nmethod 0x0000000003e818d0
Event: 33.031 Thread 0x000000001a19d800 flushing nmethod 0x0000000003f2ce10
Event: 33.031 Thread 0x000000001a19d800 flushing nmethod 0x0000000003f46650
Event: 33.046 Thread 0x000000001a19d800 flushing nmethod 0x0000000003f5c0d0
Event: 33.046 Thread 0x000000001a19d800 flushing nmethod 0x0000000003f62a10


Dynamic libraries:
0x00007ff7d5d00000 - 0x00007ff7d5d31000 	C:\Program Files\Android\Android Studio\jre\bin\java.exe
0x00007ffd20d10000 - 0x00007ffd20f05000 	C:\WINDOWS\SYSTEM32\ntdll.dll
0x00007ffd1fec0000 - 0x00007ffd1ff7e000 	C:\WINDOWS\System32\KERNEL32.DLL
0x00007ffd1e8a0000 - 0x00007ffd1eb69000 	C:\WINDOWS\System32\KERNELBASE.dll
0x00007ffd20030000 - 0x00007ffd200dc000 	C:\WINDOWS\System32\ADVAPI32.dll
0x00007ffd1fa40000 - 0x00007ffd1fade000 	C:\WINDOWS\System32\msvcrt.dll
0x00007ffd1fd00000 - 0x00007ffd1fd9b000 	C:\WINDOWS\System32\sechost.dll
0x00007ffd20890000 - 0x00007ffd209ba000 	C:\WINDOWS\System32\RPCRT4.dll
0x00007ffd20b20000 - 0x00007ffd20cc1000 	C:\WINDOWS\System32\USER32.dll
0x00007ffd1e430000 - 0x00007ffd1e452000 	C:\WINDOWS\System32\win32u.dll
0x00007ffd20af0000 - 0x00007ffd20b1b000 	C:\WINDOWS\System32\GDI32.dll
0x00007ffd1e790000 - 0x00007ffd1e89b000 	C:\WINDOWS\System32\gdi32full.dll
0x00007ffd1e670000 - 0x00007ffd1e70d000 	C:\WINDOWS\System32\msvcp_win.dll
0x00007ffd1e570000 - 0x00007ffd1e670000 	C:\WINDOWS\System32\ucrtbase.dll
0x00007ffd0edf0000 - 0x00007ffd0f08a000 	C:\WINDOWS\WinSxS\amd64_microsoft.windows.common-controls_6595b64144ccf1df_6.0.19041.1110_none_60b5254171f9507e\COMCTL32.dll
0x00007ffd1fbc0000 - 0x00007ffd1fbf0000 	C:\WINDOWS\System32\IMM32.DLL
0x00000000514e0000 - 0x00000000515b2000 	C:\Program Files\Android\Android Studio\jre\jre\bin\msvcr100.dll
0x0000000052030000 - 0x000000005287b000 	C:\Program Files\Android\Android Studio\jre\jre\bin\server\jvm.dll
0x00007ffd20140000 - 0x00007ffd20148000 	C:\WINDOWS\System32\PSAPI.DLL
0x00007ffd16270000 - 0x00007ffd1627a000 	C:\WINDOWS\SYSTEM32\VERSION.dll
0x00007ffd1b790000 - 0x00007ffd1b7b7000 	C:\WINDOWS\SYSTEM32\WINMM.dll
0x00007ffd15e90000 - 0x00007ffd15e99000 	C:\WINDOWS\SYSTEM32\WSOCK32.dll
0x00007ffd20820000 - 0x00007ffd2088b000 	C:\WINDOWS\System32\ws2_32.DLL
0x00007ffd186f0000 - 0x00007ffd186ff000 	C:\Program Files\Android\Android Studio\jre\jre\bin\verify.dll
0x00007ffd172e0000 - 0x00007ffd17309000 	C:\Program Files\Android\Android Studio\jre\jre\bin\java.dll
0x00007ffd17450000 - 0x00007ffd17466000 	C:\Program Files\Android\Android Studio\jre\jre\bin\zip.dll
0x00007ffd1ed60000 - 0x00007ffd1f49f000 	C:\WINDOWS\System32\SHELL32.dll
0x00007ffd1c240000 - 0x00007ffd1c9d0000 	C:\WINDOWS\SYSTEM32\windows.storage.dll
0x00007ffd1f6e0000 - 0x00007ffd1fa35000 	C:\WINDOWS\System32\combase.dll
0x00007ffd1ddb0000 - 0x00007ffd1dddc000 	C:\WINDOWS\SYSTEM32\Wldp.dll
0x00007ffd1ff80000 - 0x00007ffd2002e000 	C:\WINDOWS\System32\SHCORE.dll
0x00007ffd1fae0000 - 0x00007ffd1fb35000 	C:\WINDOWS\System32\shlwapi.dll
0x00007ffd1e370000 - 0x00007ffd1e38f000 	C:\WINDOWS\SYSTEM32\profapi.dll
0x00007ffd14640000 - 0x00007ffd1465a000 	C:\Program Files\Android\Android Studio\jre\jre\bin\net.dll
0x00007ffd1db10000 - 0x00007ffd1db7a000 	C:\WINDOWS\system32\mswsock.dll
0x00007ffd143d0000 - 0x00007ffd143e3000 	C:\Program Files\Android\Android Studio\jre\jre\bin\nio.dll
0x00007ffd18d90000 - 0x00007ffd18db7000 	C:\Users\domen\.gradle\native\f6784746aeab05261644944871eae4fe03e0ef1612fff0a4a95f87b438bc6780\windows-amd64\native-platform.dll
0x00007ffd18a00000 - 0x00007ffd18a0d000 	C:\Program Files\Android\Android Studio\jre\jre\bin\management.dll
0x00007ffd1dd00000 - 0x00007ffd1dd18000 	C:\WINDOWS\SYSTEM32\CRYPTSP.dll
0x00007ffd1d490000 - 0x00007ffd1d4c4000 	C:\WINDOWS\system32\rsaenh.dll
0x00007ffd1e710000 - 0x00007ffd1e737000 	C:\WINDOWS\System32\bcrypt.dll
0x00007ffd1e2f0000 - 0x00007ffd1e31e000 	C:\WINDOWS\SYSTEM32\USERENV.dll
0x00007ffd1eb70000 - 0x00007ffd1ebf3000 	C:\WINDOWS\System32\bcryptprimitives.dll
0x00007ffd1dd20000 - 0x00007ffd1dd2c000 	C:\WINDOWS\SYSTEM32\CRYPTBASE.dll
0x00007ffd1d800000 - 0x00007ffd1d83b000 	C:\WINDOWS\SYSTEM32\IPHLPAPI.DLL
0x00007ffd1fb40000 - 0x00007ffd1fb48000 	C:\WINDOWS\System32\NSI.dll
0x00007ffd16ce0000 - 0x00007ffd16cf7000 	C:\WINDOWS\SYSTEM32\dhcpcsvc6.DLL
0x00007ffd17890000 - 0x00007ffd178ad000 	C:\WINDOWS\SYSTEM32\dhcpcsvc.DLL
0x00007ffd1d840000 - 0x00007ffd1d90c000 	C:\WINDOWS\SYSTEM32\DNSAPI.dll
0x00007ffd17760000 - 0x00007ffd1776b000 	C:\WINDOWS\SYSTEM32\WINNSI.DLL

VM Arguments:
jvm_args: -Xmx2048m -Dfile.encoding=UTF-8 -Duser.country=IT -Duser.language=it -Duser.variant 
java_command: org.gradle.launcher.daemon.bootstrap.GradleDaemon 6.5
java_class_path (initial): C:\Users\domen\.gradle\wrapper\dists\gradle-6.5-all\2oz4ud9k3tuxjg84bbf55q0tn\gradle-6.5\lib\gradle-launcher-6.5.jar
Launcher Type: SUN_STANDARD

Environment Variables:
PATH=C:\Program Files (x86)\Common Files\Oracle\Java\javapath;C:\WINDOWS\system32;C:\WINDOWS;C:\WINDOWS\System32\Wbem;C:\WINDOWS\System32\WindowsPowerShell\v1.0\;C:\WINDOWS\System32\OpenSSH\;C:\Program Files\Git\cmd;C:\Program Files (x86)\apache-maven-3.6.3\bin;C:\Program Files (x86)\apache-maven-3.6.3\bin;C:\Program Files (x86)\apache-maven-3.6.3\bin;C:\Program Files\Common Files\Oracle\Java\javapath;%JAVA_HOME%\bin;C:\Program Files\TortoiseSVN\bin;C:\Users\domen\anaconda3;C:\Users\domen\anaconda3\Library\mingw-w64\bin;C:\Users\domen\anaconda3\Library\usr\bin;C:\Users\domen\anaconda3\Library\bin;C:\Users\domen\anaconda3\Scripts;C:\Users\domen\AppData\Local\Microsoft\WindowsApps;C:\Program Files (x86)\apache-maven-3.6.3\bin;%JAVA_HOME%\bin;
USERNAME=domen
OS=Windows_NT
PROCESSOR_IDENTIFIER=AMD64 Family 23 Model 24 Stepping 1, AuthenticAMD



---------------  S Y S T E M  ---------------

OS: Windows 10.0 , 64 bit Build 19041 (10.0.19041.1202)

CPU:total 8 (initial active 8) (8 cores per cpu, 1 threads per core) family 23 model 24 stepping 1, cmov, cx8, fxsr, mmx, sse, sse2, sse3, ssse3, sse4.1, sse4.2, popcnt, avx, avx2, aes, clmul, mmxext, 3dnowpref, lzcnt, sse4a, tsc, tscinvbit, tscinv, bmi1

Memory: 4k page, physical 7274124k(310304k free), swap 17759880k(6092k free)

vm_info: OpenJDK 64-Bit Server VM (25.242-b01) for windows-amd64 JRE (1.8.0_242-release-1644-b01), built by "builder" with MS VC++ 10.0 (VS2010)

time: Tue Oct 12 10:56:38 2021
timezone: ora legale Europa occidentale
elapsed time: 33 seconds (0d 0h 0m 33s)

